<?xml version="1.0" encoding="UTF-8"?>
<!-- Generated by org.testng.reporters.JUnitXMLReporter -->
<testsuite hostname="NEW-PC" name="test" tests="2" failures="1" timestamp="27 Mar 2017 10:30:07 GMT" time="25.76" errors="0">
  <testcase name="testCase1" time="0.111" classname="testListener.Test2"/>
  <testcase name="testCase2" time="0.04" classname="testListener.Test2">
    <failure type="java.lang.AssertionError" message="expected [Troy Infotech] but found [Google]">
      <![CDATA[java.lang.AssertionError: expected [Troy Infotech] but found [Google]
	at testListener.Test2.testCase2(Test2.java:46)
	at java.util.concurrent.FutureTask.run(Unknown Source)
	at java.util.concurrent.ThreadPoolExecutor.runWorker(Unknown Source)
	at java.util.concurrent.ThreadPoolExecutor$Worker.run(Unknown Source)
	at java.lang.Thread.run(Unknown Source)
... Removed 21 stack frames]]>
    </failure>
  </testcase> <!-- testCase2 -->
</testsuite> <!-- test -->
